11:19:09 [INFO] backend: ffmpeg detected - M4A/AAC/WebM/MP4 formats fully supported
11:19:09 [INFO] backend: ==================================================
11:19:09 [INFO] backend: 后端启动: 双机实时音频监测系统
11:19:09 [INFO] backend: 监听地址: ws://0.0.0.0:8765
11:19:09 [INFO] backend: 模拟模式: 开
11:19:09 [INFO] backend: Omni 智能体: 禁用
11:19:09 [INFO] backend: ==================================================
11:19:09 [INFO] backend: 本机局域网 IP (前端请用以下地址连接):
11:19:09 [INFO] backend:   >>> ws://10.10.125.66:8765
11:19:10 [INFO] backend: 文件分析接口已就绪: POST /api/analyze
11:19:10 [INFO] backend: 仪表盘广播已注册: 文件分析结果将推送到仪表盘
11:19:10 [INFO] backend.receiver: WebSocket 服务器已启动: ws://0.0.0.0:8765
11:19:10 [INFO] backend: 后端流水线已就绪，等待前端连接...
11:19:10 [INFO] backend: [仪表盘] WebSocket 服务: ws://0.0.0.0:8766
11:19:10 [INFO] backend: 模拟模式已启用: 后端将自产模拟音频
11:19:10 [INFO] backend.http: HTTP 服务: http://localhost:8080/
11:19:10 [INFO] backend.http:   后端监控面板: http://localhost:8080/backend-dashboard.html
11:19:10 [INFO] backend.http:   前端采集面板: http://localhost:8080/frontend-panel.html
11:19:10 [INFO] backend.http:   文件分析 (CNN): POST http://localhost:8080/api/analyze
11:19:10 [INFO] backend.http:   文件分析 (Omni): POST http://localhost:8080/api/omni
11:19:18 [INFO] backend: 已处理 100 帧 | 缓冲: 32000样本 | 异常率: 0.0% | 报警: 0次
11:19:24 [INFO] backend: 已处理 200 帧 | 缓冲: 32000样本 | 异常率: 0.0% | 报警: 0次
11:19:29 [INFO] backend: 已处理 300 帧 | 缓冲: 32000样本 | 异常率: 0.0% | 报警: 0次
11:19:34 [INFO] backend: 已处理 400 帧 | 缓冲: 32000样本 | 异常率: 0.0% | 报警: 0次
11:19:39 [INFO] backend: 已处理 500 帧 | 缓冲: 32000样本 | 异常率: 0.0% | 报警: 0次
11:19:40 [INFO] backend.alert: ! 预报警: [预报警] 异常声音: 大哭 | 异常占比: 53% | 置信度: 0.73 | 严重度: 0.31 | 趋势: →平稳
11:19:44 [INFO] backend: 已处理 600 帧 | 缓冲: 32000样本 | 异常率: 2.5% | 报警: 1次
11:19:45 [INFO] backend.alert: ! 预报警: [预报警] 异常声音: 厌恶 | 异常占比: 73% | 置信度: 0.86 | 严重度: 0.38 | 趋势: →平稳
11:19:49 [INFO] backend: 已处理 700 帧 | 缓冲: 32000样本 | 异常率: 4.0% | 报警: 2次
11:19:54 [INFO] backend: 已处理 800 帧 | 缓冲: 32000样本 | 异常率: 3.5% | 报警: 2次
11:19:59 [INFO] backend: 已处理 900 帧 | 缓冲: 32000样本 | 异常率: 3.1% | 报警: 2次
11:20:02 [INFO] backend.alert: ! 预报警: [预报警] 异常声音: 大笑 | 异常占比: 80% | 置信度: 0.78 | 严重度: 0.31 | 趋势: →平稳
11:20:04 [INFO] backend: 已处理 1000 帧 | 缓冲: 32000样本 | 异常率: 6.9% | 报警: 3次
11:20:09 [INFO] backend: 已处理 1100 帧 | 缓冲: 32000样本 | 异常率: 6.3% | 报警: 3次
11:20:14 [INFO] backend: 已处理 1200 帧 | 缓冲: 32000样本 | 异常率: 5.7% | 报警: 3次
11:20:19 [INFO] backend: 已处理 1300 帧 | 缓冲: 32000样本 | 异常率: 5.3% | 报警: 3次
11:20:23 [INFO] backend.alert: ! 预报警: [预报警] 异常声音: 大哭 | 异常占比: 47% | 置信度: 0.90 | 严重度: 0.33 | 趋势: →平稳
11:20:24 [INFO] backend: 已处理 1400 帧 | 缓冲: 32000样本 | 异常率: 7.2% | 报警: 4次
11:20:29 [INFO] backend: 已处理 1500 帧 | 缓冲: 32000样本 | 异常率: 6.7% | 报警: 4次
11:20:34 [INFO] backend: 已处理 1600 帧 | 缓冲: 32000样本 | 异常率: 6.3% | 报警: 4次
11:20:38 [INFO] backend.alert: ! 预报警: [预报警] 异常声音: 尖叫 | 异常占比: 40% | 置信度: 0.91 | 严重度: 0.36 | 趋势: →平稳
11:20:39 [INFO] backend: 已处理 1700 帧 | 缓冲: 32000样本 | 异常率: 7.7% | 报警: 5次
11:20:43 [INFO] backend.alert: ! 预报警: [预报警] 异常声音: 尖叫 | 异常占比: 53% | 置信度: 0.66 | 严重度: 0.35 | 趋势: →平稳
11:20:44 [INFO] backend: 已处理 1800 帧 | 缓冲: 32000样本 | 异常率: 8.1% | 报警: 6次
11:20:49 [INFO] backend: 已处理 1900 帧 | 缓冲: 32000样本 | 异常率: 7.7% | 报警: 6次
